  main.cpp
z:\public\day01\02_code\03_vector\03_vector\main.cpp(264): error C2784: “std::_Vb_iterator<_Alvbase_wrapped> std::operator +(_Vb_iterator<_Alvbase_wrapped>::difference_type,std::_Vb_iterator<_Alvbase_wrapped>)”: 未能从“int”为“std::_Vb_iterator<_Alvbase_wrapped>”推导 模板 参数
  c:\program files (x86)\microsoft visual studio\2017\community\vc\tools\msvc\14.13.26128\include\vector(2580): note: 参见“std::operator +”的声明
z:\public\day01\02_code\03_vector\03_vector\main.cpp(264): error C2784: “std::_Vb_const_iterator<_Alvbase_wrapped> std::operator +(_Vb_const_iterator<_Alvbase_wrapped>::difference_type,std::_Vb_const_iterator<_Alvbase_wrapped>)”: 未能从“int”为“std::_Vb_const_iterator<_Alvbase_wrapped>”推导 模板 参数
  c:\program files (x86)\microsoft visual studio\2017\community\vc\tools\msvc\14.13.26128\include\vector(2475): note: 参见“std::operator +”的声明
z:\public\day01\02_code\03_vector\03_vector\main.cpp(264): error C2784: “std::_Vector_iterator<_Myvec> std::operator +(_Vector_iterator<_Myvec>::difference_type,std::_Vector_iterator<_Myvec>)”: 未能从“int”为“std::_Vector_iterator<_Myvec>”推导 模板 参数
  c:\program files (x86)\microsoft visual studio\2017\community\vc\tools\msvc\14.13.26128\include\vector(365): note: 参见“std::operator +”的声明
z:\public\day01\02_code\03_vector\03_vector\main.cpp(264): error C2784: “std::_Vector_const_iterator<_Myvec> std::operator +(_Vector_const_iterator<_Myvec>::difference_type,std::_Vector_const_iterator<_Myvec>)”: 未能从“int”为“std::_Vector_const_iterator<_Myvec>”推导 模板 参数
  c:\program files (x86)\microsoft visual studio\2017\community\vc\tools\msvc\14.13.26128\include\vector(247): note: 参见“std::operator +”的声明
z:\public\day01\02_code\03_vector\03_vector\main.cpp(264): error C2784: “std::basic_string<_Elem,_Traits,_Alloc> std::operator +(std::basic_string<_Elem,_Traits,_Alloc> &&,const _Elem)”: 未能从“std::_List_iterator<std::_List_val<std::_List_simple_types<_Ty>>>”为“std::basic_string<_Elem,_Traits,_Alloc> &&”推导 模板 参数
          with
          [
              _Ty=int
          ]
  c:\program files (x86)\microsoft visual studio\2017\community\vc\tools\msvc\14.13.26128\include\xstring(4085): note: 参见“std::operator +”的声明
z:\public\day01\02_code\03_vector\03_vector\main.cpp(264): error C2784: “std::basic_string<_Elem,_Traits,_Alloc> std::operator +(std::basic_string<_Elem,_Traits,_Alloc> &&,const _Elem *const )”: 未能从“std::_List_iterator<std::_List_val<std::_List_simple_types<_Ty>>>”为“std::basic_string<_Elem,_Traits,_Alloc> &&”推导 模板 参数
          with
          [
              _Ty=int
          ]
  c:\program files (x86)\microsoft visual studio\2017\community\vc\tools\msvc\14.13.26128\include\xstring(4075): note: 参见“std::operator +”的声明
z:\public\day01\02_code\03_vector\03_vector\main.cpp(264): error C2784: “std::basic_string<_Elem,_Traits,_Alloc> std::operator +(const _Elem,std::basic_string<_Elem,_Traits,_Alloc> &&)”: 未能从“int”为“std::basic_string<_Elem,_Traits,_Alloc> &&”推导 模板 参数
  c:\program files (x86)\microsoft visual studio\2017\community\vc\tools\msvc\14.13.26128\include\xstring(4064): note: 参见“std::operator +”的声明
z:\public\day01\02_code\03_vector\03_vector\main.cpp(264): error C2784: “std::basic_string<_Elem,_Traits,_Alloc> std::operator +(const _Elem *const ,std::basic_string<_Elem,_Traits,_Alloc> &&)”: 未能从“std::_List_iterator<std::_List_val<std::_List_simple_types<_Ty>>>”为“const _Elem *const ”推导 模板 参数
          with
          [
              _Ty=int
          ]
  c:\program files (x86)\microsoft visual studio\2017\community\vc\tools\msvc\14.13.26128\include\xstring(4054): note: 参见“std::operator +”的声明
z:\public\day01\02_code\03_vector\03_vector\main.cpp(264): error C2784: “std::basic_string<_Elem,_Traits,_Alloc> std::operator +(std::basic_string<_Elem,_Traits,_Alloc> &&,std::basic_string<_Elem,_Traits,_Alloc> &&)”: 未能从“std::_List_iterator<std::_List_val<std::_List_simple_types<_Ty>>>”为“std::basic_string<_Elem,_Traits,_Alloc> &&”推导 模板 参数
          with
          [
              _Ty=int
          ]
  c:\program files (x86)\microsoft visual studio\2017\community\vc\tools\msvc\14.13.26128\include\xstring(4040): note: 参见“std::operator +”的声明
z:\public\day01\02_code\03_vector\03_vector\main.cpp(264): error C2784: “std::basic_string<_Elem,_Traits,_Alloc> std::operator +(std::basic_string<_Elem,_Traits,_Alloc> &&,const std::basic_string<_Elem,_Traits,_Alloc> &)”: 未能从“std::_List_iterator<std::_List_val<std::_List_simple_types<_Ty>>>”为“std::basic_string<_Elem,_Traits,_Alloc> &&”推导 模板 参数
          with
          [
              _Ty=int
          ]
  c:\program files (x86)\microsoft visual studio\2017\community\vc\tools\msvc\14.13.26128\include\xstring(4030): note: 参见“std::operator +”的声明
z:\public\day01\02_code\03_vector\03_vector\main.cpp(264): error C2784: “std::basic_string<_Elem,_Traits,_Alloc> std::operator +(const std::basic_string<_Elem,_Traits,_Alloc> &,std::basic_string<_Elem,_Traits,_Alloc> &&)”: 未能从“std::_List_iterator<std::_List_val<std::_List_simple_types<_Ty>>>”为“const std::basic_string<_Elem,_Traits,_Alloc> &”推导 模板 参数
          with
          [
              _Ty=int
          ]
  c:\program files (x86)\microsoft visual studio\2017\community\vc\tools\msvc\14.13.26128\include\xstring(4020): note: 参见“std::operator +”的声明
z:\public\day01\02_code\03_vector\03_vector\main.cpp(264): error C2784: “std::basic_string<_Elem,_Traits,_Alloc> std::operator +(const std::basic_string<_Elem,_Traits,_Alloc> &,const _Elem)”: 未能从“std::_List_iterator<std::_List_val<std::_List_simple_types<_Ty>>>”为“const std::basic_string<_Elem,_Traits,_Alloc> &”推导 模板 参数
          with
          [
              _Ty=int
          ]
  c:\program files (x86)\microsoft visual studio\2017\community\vc\tools\msvc\14.13.26128\include\xstring(4006): note: 参见“std::operator +”的声明
z:\public\day01\02_code\03_vector\03_vector\main.cpp(264): error C2784: “std::basic_string<_Elem,_Traits,_Alloc> std::operator +(const std::basic_string<_Elem,_Traits,_Alloc> &,const _Elem *const )”: 未能从“std::_List_iterator<std::_List_val<std::_List_simple_types<_Ty>>>”为“const std::basic_string<_Elem,_Traits,_Alloc> &”推导 模板 参数
          with
          [
              _Ty=int
          ]
  c:\program files (x86)\microsoft visual studio\2017\community\vc\tools\msvc\14.13.26128\include\xstring(3990): note: 参见“std::operator +”的声明
z:\public\day01\02_code\03_vector\03_vector\main.cpp(264): error C2784: “std::basic_string<_Elem,_Traits,_Alloc> std::operator +(const _Elem,const std::basic_string<_Elem,_Traits,_Alloc> &)”: 未能从“int”为“const std::basic_string<_Elem,_Traits,_Alloc> &”推导 模板 参数
  c:\program files (x86)\microsoft visual studio\2017\community\vc\tools\msvc\14.13.26128\include\xstring(3976): note: 参见“std::operator +”的声明
z:\public\day01\02_code\03_vector\03_vector\main.cpp(264): error C2784: “std::basic_string<_Elem,_Traits,_Alloc> std::operator +(const _Elem *const ,const std::basic_string<_Elem,_Traits,_Alloc> &)”: 未能从“std::_List_iterator<std::_List_val<std::_List_simple_types<_Ty>>>”为“const _Elem *const ”推导 模板 参数
          with
          [
              _Ty=int
          ]
  c:\program files (x86)\microsoft visual studio\2017\community\vc\tools\msvc\14.13.26128\include\xstring(3960): note: 参见“std::operator +”的声明
z:\public\day01\02_code\03_vector\03_vector\main.cpp(264): error C2784: “std::basic_string<_Elem,_Traits,_Alloc> std::operator +(const std::basic_string<_Elem,_Traits,_Alloc> &,const std::basic_string<_Elem,_Traits,_Alloc> &)”: 未能从“std::_List_iterator<std::_List_val<std::_List_simple_types<_Ty>>>”为“const std::basic_string<_Elem,_Traits,_Alloc> &”推导 模板 参数
          with
          [
              _Ty=int
          ]
  c:\program files (x86)\microsoft visual studio\2017\community\vc\tools\msvc\14.13.26128\include\xstring(3946): note: 参见“std::operator +”的声明
z:\public\day01\02_code\03_vector\03_vector\main.cpp(264): error C2784: “std::_String_iterator<_Mystr> std::operator +(_String_iterator<_Mystr>::difference_type,std::_String_iterator<_Mystr>)”: 未能从“int”为“std::_String_iterator<_Mystr>”推导 模板 参数
  c:\program files (x86)\microsoft visual studio\2017\community\vc\tools\msvc\14.13.26128\include\xstring(1688): note: 参见“std::operator +”的声明
z:\public\day01\02_code\03_vector\03_vector\main.cpp(264): error C2784: “std::_String_const_iterator<_Mystr> std::operator +(_String_const_iterator<_Mystr>::difference_type,std::_String_const_iterator<_Mystr>)”: 未能从“int”为“std::_String_const_iterator<_Mystr>”推导 模板 参数
  c:\program files (x86)\microsoft visual studio\2017\community\vc\tools\msvc\14.13.26128\include\xstring(1570): note: 参见“std::operator +”的声明
z:\public\day01\02_code\03_vector\03_vector\main.cpp(264): error C2784: “std::move_iterator<_RanIt> std::operator +(move_iterator<_RanIt>::difference_type,const std::move_iterator<_RanIt> &)”: 未能从“int”为“const std::move_iterator<_RanIt> &”推导 模板 参数
  c:\program files (x86)\microsoft visual studio\2017\community\vc\tools\msvc\14.13.26128\include\xutility(2279): note: 参见“std::operator +”的声明
z:\public\day01\02_code\03_vector\03_vector\main.cpp(264): error C2784: “std::_Array_iterator<_Ty,_Size> std::operator +(ptrdiff_t,std::_Array_iterator<_Ty,_Size>)”: 未能从“int”为“std::_Array_iterator<_Ty,_Size>”推导 模板 参数
  c:\program files (x86)\microsoft visual studio\2017\community\vc\tools\msvc\14.13.26128\include\xutility(2130): note: 参见“std::operator +”的声明
z:\public\day01\02_code\03_vector\03_vector\main.cpp(264): error C2784: “std::_Array_const_iterator<_Ty,_Size> std::operator +(ptrdiff_t,std::_Array_const_iterator<_Ty,_Size>)”: 未能从“int”为“std::_Array_const_iterator<_Ty,_Size>”推导 模板 参数
  c:\program files (x86)\microsoft visual studio\2017\community\vc\tools\msvc\14.13.26128\include\xutility(2000): note: 参见“std::operator +”的声明
z:\public\day01\02_code\03_vector\03_vector\main.cpp(264): error C2784: “std::reverse_iterator<_RanIt> std::operator +(reverse_iterator<_RanIt>::difference_type,const std::reverse_iterator<_RanIt> &)”: 未能从“int”为“const std::reverse_iterator<_RanIt> &”推导 模板 参数
  c:\program files (x86)\microsoft visual studio\2017\community\vc\tools\msvc\14.13.26128\include\xutility(1414): note: 参见“std::operator +”的声明
z:\public\day01\02_code\03_vector\03_vector\main.cpp(264): error C2676: 二进制“+”:“std::_List_iterator<std::_List_val<std::_List_simple_types<_Ty>>>”不定义该运算符或到预定义运算符可接收的类型的转换
          with
          [
              _Ty=int
          ]
